<?xml version="1.0" encoding="UTF-8"?>
<!-- Generated by org.testng.reporters.JUnitXMLReporter -->
<testsuite hostname="USER-PC" ignored="0" name="Default test" tests="4" failures="0" timestamp="09 Nov 2021 03:38:34 GMT" time="21.732" errors="0">
  <testcase name="firstpage" time="12.678" classname="org.sample.MainTestClass"/>
  <testcase name="secondPage" time="1.182" classname="org.sample.MainTestClass"/>
  <testcase name="thirdPage" time="1.343" classname="org.sample.MainTestClass"/>
  <testcase name="forthPage" time="6.476" classname="org.sample.MainTestClass"/>
</testsuite> <!-- Default test -->
