<?xml version="1.0" encoding="UTF-8"?>
<!-- Generated by org.testng.reporters.JUnitXMLReporter -->
<testsuite hostname="USER-PC" ignored="0" name="Test" tests="4" failures="0" timestamp="01 Nov 2021 06:29:18 GMT" time="17.761" errors="0">
  <testcase name="datas" time="1.204" classname="org.reuse.TestNg"/>
  <testcase name="page2" time="1.472" classname="org.reuse.TestNg"/>
  <testcase name="radiocontinue" time="1.032" classname="org.reuse.TestNg"/>
  <testcase name="page3" time="0.989" classname="org.reuse.TestNg"/>
</testsuite> <!-- Test -->
