<?xml version="1.0" encoding="UTF-8"?>
<testng-results skipped="0" failed="0" ignored="0" total="4" passed="4">
  <reporter-output>
  </reporter-output>
  <suite name="Default suite" duration-ms="21732" started-at="2021-11-09T03:38:12Z" finished-at="2021-11-09T03:38:34Z">
    <groups>
    </groups>
    <test name="Default test" duration-ms="21732" started-at="2021-11-09T03:38:12Z" finished-at="2021-11-09T03:38:34Z">
      <class name="org.sample.MainTestClass">
        <test-method status="PASS" signature="firstpage()[pri:0, instance:org.sample.MainTestClass@e26948]" name="firstpage" duration-ms="12678" started-at="2021-11-09T03:38:12Z" finished-at="2021-11-09T03:38:25Z">
          <reporter-output>
          </reporter-output>
        </test-method> <!-- firstpage -->
        <test-method status="PASS" signature="secondPage()[pri:1, instance:org.sample.MainTestClass@e26948]" name="secondPage" duration-ms="1182" started-at="2021-11-09T03:38:25Z" finished-at="2021-11-09T03:38:26Z">
          <reporter-output>
          </reporter-output>
        </test-method> <!-- secondPage -->
        <test-method status="PASS" signature="thirdPage()[pri:2, instance:org.sample.MainTestClass@e26948]" name="thirdPage" duration-ms="1343" started-at="2021-11-09T03:38:26Z" finished-at="2021-11-09T03:38:27Z">
          <reporter-output>
          </reporter-output>
        </test-method> <!-- thirdPage -->
        <test-method status="PASS" signature="forthPage()[pri:3, instance:org.sample.MainTestClass@e26948]" name="forthPage" duration-ms="6476" started-at="2021-11-09T03:38:27Z" finished-at="2021-11-09T03:38:34Z">
          <reporter-output>
          </reporter-output>
        </test-method> <!-- forthPage -->
      </class> <!-- org.sample.MainTestClass -->
    </test> <!-- Default test -->
  </suite> <!-- Default suite -->
</testng-results>
